c:\users\s213090\documents\diploma\introduction to c++\helloworld\x64\debug\vc143.pdb
c:\users\s213090\documents\diploma\introduction to c++\helloworld\x64\debug\vc143.idb
c:\users\s213090\documents\diploma\introduction to c++\helloworld\x64\debug\main.obj
c:\users\s213090\documents\diploma\introduction to c++\helloworld\x64\debug\helloworld.obj
c:\users\s213090\documents\diploma\introduction to c++\helloworld\x64\debug\helloworld.exe
c:\users\s213090\documents\diploma\introduction to c++\helloworld\x64\debug\helloworld.ilk
c:\users\s213090\documents\diploma\introduction to c++\helloworld\x64\debug\helloworld.pdb
c:\users\bridg\desktop\introduction to c++\helloworld\x64\debug\helloworld.obj
c:\users\bridg\desktop\introduction to c++\helloworld\x64\debug\main.obj
c:\users\bridg\desktop\introduction to c++\helloworld\x64\debug\helloworld.ilk
c:\users\bridg\desktop\introduction to c++\helloworld\x64\debug\vc143.idb
c:\users\bridg\desktop\introduction to c++\helloworld\x64\debug\helloworld.pdb
c:\users\bridg\desktop\introduction to c++\helloworld\x64\debug\vc143.pdb
c:\users\bridg\desktop\introduction to c++\helloworld\x64\debug\helloworld.exe
c:\users\bridg\desktop\introduction to c++\helloworld\x64\debug\helloworld.tlog\cl.command.1.tlog
c:\users\bridg\desktop\introduction to c++\helloworld\x64\debug\helloworld.tlog\cl.read.1.tlog
c:\users\bridg\desktop\introduction to c++\helloworld\x64\debug\helloworld.tlog\cl.write.1.tlog
c:\users\bridg\desktop\introduction to c++\helloworld\x64\debug\helloworld.tlog\link.command.1.tlog
c:\users\bridg\desktop\introduction to c++\helloworld\x64\debug\helloworld.tlog\link.read.1.tlog
c:\users\bridg\desktop\introduction to c++\helloworld\x64\debug\helloworld.tlog\link.write.1.tlog
